<?xml version="1.0" encoding="utf-8"?>
<TestRun id="0ea7c63e-5428-46fa-a926-ce11ff8fc0a4" name="@watanabejin-Latitude-3520 2023-06-09 17:22:11" xmlns="http://microsoft.com/schemas/VisualStudio/TeamTest/2010">
  <Times creation="2023-06-09T17:22:11.4060330+09:00" queuing="2023-06-09T17:22:11.4060331+09:00" start="2023-06-09T17:22:09.7757199+09:00" finish="2023-06-09T17:22:11.4136481+09:00" />
  <TestSettings name="default" id="449a438d-9a05-44db-a8fa-77b365d01c3f">
    <Deployment runDeploymentRoot="_watanabejin-Latitude-3520_2023-06-09_17_22_11" />
  </TestSettings>
  <Results>
    <UnitTestResult executionId="45a518d1-b6a8-4f3d-bafc-61fbf7ccc5b8" testId="21d447cc-785f-5a4d-ef96-b8de131cf714" testName="すべてのTodoを取得できる" computerName="watanabejin-Latitude-3520" duration="00:00:00.0109529" startTime="2023-06-09T17:22:10.9552081+09:00" endTime="2023-06-09T17:22:10.9660787+09:00" testType="13cdc9d9-ddb5-4fa4-a97d-d965ccfc6d4b" outcome="Passed" testListId="8c84fa94-04c1-424b-9868-57a2d4851a1d" relativeResultsDirectory="45a518d1-b6a8-4f3d-bafc-61fbf7ccc5b8" />
  </Results>
  <TestDefinitions>
    <UnitTest name="すべてのTodoを取得できる" storage="/home/watanabejin/workspace/fs-todo-clean-app/todoapi.test/bin/debug/net7.0/todoapi.test.dll" id="21d447cc-785f-5a4d-ef96-b8de131cf714">
      <Execution id="45a518d1-b6a8-4f3d-bafc-61fbf7ccc5b8" />
      <TestMethod codeBase="/home/watanabejin/workspace/fs-todo-clean-app/TodoApi.Test/bin/Debug/net7.0/TodoApi.Test.dll" adapterTypeName="executor://nunit3testexecutor/" className="Usecases.GetTodosTest" name="すべてのTodoを取得できる" />
    </UnitTest>
  </TestDefinitions>
  <TestEntries>
    <TestEntry testId="21d447cc-785f-5a4d-ef96-b8de131cf714" executionId="45a518d1-b6a8-4f3d-bafc-61fbf7ccc5b8" testListId="8c84fa94-04c1-424b-9868-57a2d4851a1d" />
  </TestEntries>
  <TestLists>
    <TestList name="一覧に存在しない結果" id="8c84fa94-04c1-424b-9868-57a2d4851a1d" />
    <TestList name="読み込まれたすべての結果" id="19431567-8539-422a-85d7-44ee4e166bda" />
  </TestLists>
  <ResultSummary outcome="Completed">
    <Counters total="1" executed="1" passed="1" failed="0" error="0" timeout="0" aborted="0" inconclusive="0" passedButRunAborted="0" notRunnable="0" notExecuted="0" disconnected="0" warning="0" completed="0" inProgress="0" pending="0" />
    <Output>
      <StdOut>NUnit Adapter 4.4.0.0: Test execution started
Running selected tests in /home/watanabejin/workspace/fs-todo-clean-app/TodoApi.Test/bin/Debug/net7.0/TodoApi.Test.dll
   NUnit3TestExecutor discovered 1 of 1 NUnit test cases using Current Discovery mode, Non-Explicit run
NUnit Adapter 4.4.0.0: Test execution complete
</StdOut>
    </Output>
  </ResultSummary>
</TestRun>